<?xml version="1.0" encoding="UTF-8"?>
<testng-results skipped="0" failed="0" ignored="0" total="1" passed="1">
  <reporter-output>
  </reporter-output>
  <suite name="Default suite" duration-ms="22188" started-at="2018-12-12T06:39:24Z" finished-at="2018-12-12T06:39:46Z">
    <groups>
    </groups>
    <test name="Default test" duration-ms="22188" started-at="2018-12-12T06:39:24Z" finished-at="2018-12-12T06:39:46Z">
      <class name="com.cybertek.ZohoProject.zohoTest">
        <test-method status="PASS" signature="beforeTest()[pri:0, instance:com.cybertek.ZohoProject.zohoTest@769f71a9]" name="beforeTest" is-config="true" duration-ms="7281" started-at="2018-12-12T06:39:24Z" finished-at="2018-12-12T06:39:31Z">
          <reporter-output>
          </reporter-output>
        </test-method> <!-- beforeTest -->
        <test-method status="PASS" signature="getData()[pri:1, instance:com.cybertek.ZohoProject.zohoTest@769f71a9]" name="getData" duration-ms="14074" started-at="2018-12-12T06:39:31Z" finished-at="2018-12-12T06:39:45Z">
          <reporter-output>
          </reporter-output>
        </test-method> <!-- getData -->
        <test-method status="PASS" signature="close()[pri:0, instance:com.cybertek.ZohoProject.zohoTest@769f71a9]" name="close" is-config="true" duration-ms="811" started-at="2018-12-12T06:39:45Z" finished-at="2018-12-12T06:39:46Z">
          <reporter-output>
          </reporter-output>
        </test-method> <!-- close -->
      </class> <!-- com.cybertek.ZohoProject.zohoTest -->
    </test> <!-- Default test -->
  </suite> <!-- Default suite -->
</testng-results>
